# JRE version: Java(TM) SE Runtime Environment (8.0_77-b03) (build 1.8.0_77-b03)
# Java VM: Java HotSpot(TM) 64-Bit Server VM (25.77-b03 mixed mode windows-amd64 compressed oops)
Heap:
 PSYoungGen      total 474624K, used 219926K [0x00000000e0000000, 0x0000000100000000, 0x0000000100000000)
  eden space 440320K, 42% used [0x00000000e0000000,0x00000000eb57a8c0,0x00000000fae00000)
  from space 34304K, 99% used [0x00000000fae00000,0x00000000fcf4b1f0,0x00000000fcf80000)
  to   space 45056K, 0% used [0x00000000fd400000,0x00000000fd400000,0x0000000100000000)
 ParOldGen       total 125440K, used 89431K [0x00000000a0000000, 0x00000000a7a80000, 0x00000000e0000000)
  object space 125440K, 71% used [0x00000000a0000000,0x00000000a5755c30,0x00000000a7a80000)
 Metaspace       used 85619K, capacity 90636K, committed 90880K, reserved 1128448K
  class space    used 10965K, capacity 11926K, committed 12032K, reserved 1048576K
GC Heap History (10 events):
Event: 837.597 GC heap before
{Heap before GC invocations=26 (full 3):
 PSYoungGen      total 433152K, used 432693K [0x00000000e0000000, 0x00000000fe400000, 0x0000000100000000)
  eden space 406528K, 99% used [0x00000000e0000000,0x00000000f8c8ff80,0x00000000f8d00000)
  from space 26624K, 99% used [0x00000000fb300000,0x00000000fccfd550,0x00000000fcd00000)
  to   space 38912K, 0% used [0x00000000f8d00000,0x00000000f8d00000,0x00000000fb300000)
 ParOldGen       total 125440K, used 85397K [0x00000000a0000000, 0x00000000a7a80000, 0x00000000e0000000)
  object space 125440K, 68% used [0x00000000a0000000,0x00000000a53657e8,0x00000000a7a80000)
 Metaspace       used 82147K, capacity 85538K, committed 85632K, reserved 1124352K
  class space    used 10587K, capacity 11320K, committed 11392K, reserved 1048576K
Event: 837.636 GC heap after
Heap after GC invocations=26 (full 3):
 PSYoungGen      total 445440K, used 24280K [0x00000000e0000000, 0x0000000100000000, 0x0000000100000000)
  eden space 406528K, 0% used [0x00000000e0000000,0x00000000e0000000,0x00000000f8d00000)
  from space 38912K, 62% used [0x00000000f8d00000,0x00000000fa4b63c8,0x00000000fb300000)
  to   space 39424K, 0% used [0x00000000fd980000,0x00000000fd980000,0x0000000100000000)
 ParOldGen       total 125440K, used 89407K [0x00000000a0000000, 0x00000000a7a80000, 0x00000000e0000000)
  object space 125440K, 71% used [0x00000000a0000000,0x00000000a574fc30,0x00000000a7a80000)
 Metaspace       used 82147K, capacity 85538K, committed 85632K, reserved 1124352K
  class space    used 10587K, capacity 11320K, committed 11392K, reserved 1048576K
}
Event: 1104.280 GC heap before
{Heap before GC invocations=27 (full 3):
 PSYoungGen      total 445440K, used 430808K [0x00000000e0000000, 0x0000000100000000, 0x0000000100000000)
  eden space 406528K, 100% used [0x00000000e0000000,0x00000000f8d00000,0x00000000f8d00000)
  from space 38912K, 62% used [0x00000000f8d00000,0x00000000fa4b63c8,0x00000000fb300000)
  to   space 39424K, 0% used [0x00000000fd980000,0x00000000fd980000,0x0000000100000000)
 ParOldGen       total 125440K, used 89407K [0x00000000a0000000, 0x00000000a7a80000, 0x00000000e0000000)
  object space 125440K, 71% used [0x00000000a0000000,0x00000000a574fc30,0x00000000a7a80000)
 Metaspace       used 83842K, capacity 87840K, committed 87936K, reserved 1126400K
  class space    used 10795K, capacity 11578K, committed 11648K, reserved 1048576K
Event: 1104.325 GC heap after
Heap after GC invocations=27 (full 3):
 PSYoungGen      total 483840K, used 19897K [0x00000000e0000000, 0x00000000ffe80000, 0x0000000100000000)
  eden space 445952K, 0% used [0x00000000e0000000,0x00000000e0000000,0x00000000fb380000)
  from space 37888K, 52% used [0x00000000fd980000,0x00000000fecee468,0x00000000ffe80000)
  to   space 38400K, 0% used [0x00000000fb380000,0x00000000fb380000,0x00000000fd900000)
 ParOldGen       total 125440K, used 89407K [0x00000000a0000000, 0x00000000a7a80000, 0x00000000e0000000)
  object space 125440K, 71% used [0x00000000a0000000,0x00000000a574fc30,0x00000000a7a80000)
 Metaspace       used 83842K, capacity 87840K, committed 87936K, reserved 1126400K
  class space    used 10795K, capacity 11578K, committed 11648K, reserved 1048576K
}
Event: 1207.336 GC heap before
{Heap before GC invocations=28 (full 3):
 PSYoungGen      total 483840K, used 465849K [0x00000000e0000000, 0x00000000ffe80000, 0x0000000100000000)
  eden space 445952K, 100% used [0x00000000e0000000,0x00000000fb380000,0x00000000fb380000)
  from space 37888K, 52% used [0x00000000fd980000,0x00000000fecee468,0x00000000ffe80000)
  to   space 38400K, 0% used [0x00000000fb380000,0x00000000fb380000,0x00000000fd900000)
 ParOldGen       total 125440K, used 89407K [0x00000000a0000000, 0x00000000a7a80000, 0x00000000e0000000)
  object space 125440K, 71% used [0x00000000a0000000,0x00000000a574fc30,0x00000000a7a80000)
 Metaspace       used 85369K, capacity 90240K, committed 90496K, reserved 1128448K
  class space    used 10949K, capacity 11846K, committed 11904K, reserved 1048576K
Event: 1207.396 GC heap after
Heap after GC invocations=28 (full 3):
 PSYoungGen      total 475136K, used 28846K [0x00000000e0000000, 0x0000000100000000, 0x0000000100000000)
  eden space 445952K, 0% used [0x00000000e0000000,0x00000000e0000000,0x00000000fb380000)
  from space 29184K, 98% used [0x00000000fb380000,0x00000000fcfabb98,0x00000000fd000000)
  to   space 40448K, 0% used [0x00000000fd880000,0x00000000fd880000,0x0000000100000000)
 ParOldGen       total 125440K, used 89415K [0x00000000a0000000, 0x00000000a7a80000, 0x00000000e0000000)
  object space 125440K, 71% used [0x00000000a0000000,0x00000000a5751c30,0x00000000a7a80000)
 Metaspace       used 85369K, capacity 90240K, committed 90496K, reserved 1128448K
  class space    used 10949K, capacity 11846K, committed 11904K, reserved 1048576K
}
Event: 1209.207 GC heap before
{Heap before GC invocations=29 (full 3):
 PSYoungGen      total 475136K, used 474743K [0x00000000e0000000, 0x0000000100000000, 0x0000000100000000)
  eden space 445952K, 99% used [0x00000000e0000000,0x00000000fb3722c0,0x00000000fb380000)
  from space 29184K, 98% used [0x00000000fb380000,0x00000000fcfabb98,0x00000000fd000000)
  to   space 40448K, 0% used [0x00000000fd880000,0x00000000fd880000,0x0000000100000000)
 ParOldGen       total 125440K, used 89415K [0x00000000a0000000, 0x00000000a7a80000, 0x00000000e0000000)
  object space 125440K, 71% used [0x00000000a0000000,0x00000000a5751c30,0x00000000a7a80000)
 Metaspace       used 85483K, capacity 90394K, committed 90496K, reserved 1128448K
  class space    used 10962K, capacity 11891K, committed 11904K, reserved 1048576K
Event: 1209.237 GC heap after
Heap after GC invocations=29 (full 3):
 PSYoungGen      total 480768K, used 29664K [0x00000000e0000000, 0x0000000100000000, 0x0000000100000000)
  eden space 440320K, 0% used [0x00000000e0000000,0x00000000e0000000,0x00000000fae00000)
  from space 40448K, 73% used [0x00000000fd880000,0x00000000ff578340,0x0000000100000000)
  to   space 41984K, 0% used [0x00000000fae00000,0x00000000fae00000,0x00000000fd700000)
 ParOldGen       total 125440K, used 89423K [0x00000000a0000000, 0x00000000a7a80000, 0x00000000e0000000)
  object space 125440K, 71% used [0x00000000a0000000,0x00000000a5753c30,0x00000000a7a80000)
 Metaspace       used 85483K, capacity 90394K, committed 90496K, reserved 1128448K
  class space    used 10962K, capacity 11891K, committed 11904K, reserved 1048576K
}
Event: 1252.449 GC heap before
{Heap before GC invocations=30 (full 3):
 PSYoungGen      total 480768K, used 469984K [0x00000000e0000000, 0x0000000100000000, 0x0000000100000000)
  eden space 440320K, 100% used [0x00000000e0000000,0x00000000fae00000,0x00000000fae00000)
  from space 40448K, 73% used [0x00000000fd880000,0x00000000ff578340,0x0000000100000000)
  to   space 41984K, 0% used [0x00000000fae00000,0x00000000fae00000,0x00000000fd700000)
 ParOldGen       total 125440K, used 89423K [0x00000000a0000000, 0x00000000a7a80000, 0x00000000e0000000)
  object space 125440K, 71% used [0x00000000a0000000,0x00000000a5753c30,0x00000000a7a80000)
 Metaspace       used 85614K, capacity 90636K, committed 90880K, reserved 1128448K
  class space    used 10965K, capacity 11926K, committed 12032K, reserved 1048576K
Event: 1252.476 GC heap after
Heap after GC invocations=30 (full 3):
 PSYoungGen      total 474624K, used 34092K [0x00000000e0000000, 0x0000000100000000, 0x0000000100000000)
  eden space 440320K, 0% used [0x00000000e0000000,0x00000000e0000000,0x00000000fae00000)
  from space 34304K, 99% used [0x00000000fae00000,0x00000000fcf4b1f0,0x00000000fcf80000)
  to   space 45056K, 0% used [0x00000000fd400000,0x00000000fd400000,0x0000000100000000)
 ParOldGen       total 125440K, used 89431K [0x00000000a0000000, 0x00000000a7a80000, 0x00000000e0000000)
  object space 125440K, 71% used [0x00000000a0000000,0x00000000a5755c30,0x00000000a7a80000)
 Metaspace       used 85614K, capacity 90636K, committed 90880K, reserved 1128448K
  class space    used 10965K, capacity 11926K, committed 12032K, reserved 1048576K
}

